D:\CNCPROJECT\0513ICNC\DEBUG\ICNC.EXE
D:\CNCPROJECT\0513ICNC\DEBUG\ICNC.ILK
D:\CNCPROJECT\0513ICNC\DEBUG\ICNC.PDB
D:\CNCPROJECT\0513ICNC\ICNC\DEBUG\APP.RES
D:\CNCPROJECT\0513ICNC\ICNC\DEBUG\ASSEMBLYINFO.OBJ
D:\CNCPROJECT\0513ICNC\ICNC\DEBUG\CNC.OBJ
D:\CNCPROJECT\0513ICNC\ICNC\DEBUG\DEC_FUNCTION.OBJ
D:\CNCPROJECT\0513ICNC\ICNC\DEBUG\DECODER.OBJ
D:\CNCPROJECT\0513ICNC\ICNC\DEBUG\FIFO.OBJ
D:\CNCPROJECT\0513ICNC\ICNC\DEBUG\ICNC.EXE.INTERMEDIATE.MANIFEST
D:\CNCPROJECT\0513ICNC\ICNC\DEBUG\ICNC.OBJ
D:\CNCPROJECT\0513ICNC\ICNC\DEBUG\ICNC.PCH
D:\CNCPROJECT\0513ICNC\ICNC\DEBUG\INTP.OBJ
D:\CNCPROJECT\0513ICNC\ICNC\DEBUG\MMI.OBJ
D:\CNCPROJECT\0513ICNC\ICNC\DEBUG\STDAFX.OBJ
D:\CNCPROJECT\0513ICNC\ICNC\DEBUG\SYS.OBJ
D:\CNCPROJECT\0513ICNC\ICNC\DEBUG\VC100.PDB
D:\CNCPROJECT\0514\DEBUG\ICNC.EXE
D:\CNCPROJECT\0514\DEBUG\ICNC.ILK
D:\CNCPROJECT\0514\DEBUG\ICNC.PDB
D:\CNCPROJECT\0514\ICNC\DEBUG\.NETFRAMEWORK,VERSION=V4.0.ASSEMBLYATTRIBUTES.OBJ
D:\CNCPROJECT\0514\ICNC\DEBUG\APP.RES
D:\CNCPROJECT\0514\ICNC\DEBUG\ASSEMBLYINFO.OBJ
D:\CNCPROJECT\0514\ICNC\DEBUG\CNC.OBJ
D:\CNCPROJECT\0514\ICNC\DEBUG\DEC_FUNCTION.OBJ
D:\CNCPROJECT\0514\ICNC\DEBUG\DECODER.OBJ
D:\CNCPROJECT\0514\ICNC\DEBUG\FIFO.OBJ
D:\CNCPROJECT\0514\ICNC\DEBUG\ICNC.EXE.INTERMEDIATE.MANIFEST
D:\CNCPROJECT\0514\ICNC\DEBUG\ICNC.OBJ
D:\CNCPROJECT\0514\ICNC\DEBUG\ICNC.PCH
D:\CNCPROJECT\0514\ICNC\DEBUG\INTP.OBJ
D:\CNCPROJECT\0514\ICNC\DEBUG\MMI.OBJ
D:\CNCPROJECT\0514\ICNC\DEBUG\STDAFX.OBJ
D:\CNCPROJECT\0514\ICNC\DEBUG\SYS.OBJ
D:\CNCPROJECT\0514\ICNC\DEBUG\VC100.PDB
D:\CNCPROJECT\0519\DEBUG\ICNC.EXE
D:\CNCPROJECT\0519\DEBUG\ICNC.ILK
D:\CNCPROJECT\0519\DEBUG\ICNC.PDB
D:\CNCPROJECT\0519\ICNC\DEBUG\APP.RES
D:\CNCPROJECT\0519\ICNC\DEBUG\ASSEMBLYINFO.OBJ
D:\CNCPROJECT\0519\ICNC\DEBUG\CNC.OBJ
D:\CNCPROJECT\0519\ICNC\DEBUG\DEC_FUNCTION.OBJ
D:\CNCPROJECT\0519\ICNC\DEBUG\DECODER.OBJ
D:\CNCPROJECT\0519\ICNC\DEBUG\FIFO.OBJ
D:\CNCPROJECT\0519\ICNC\DEBUG\ICNC.EXE.INTERMEDIATE.MANIFEST
D:\CNCPROJECT\0519\ICNC\DEBUG\ICNC.OBJ
D:\CNCPROJECT\0519\ICNC\DEBUG\ICNC.PCH
D:\CNCPROJECT\0519\ICNC\DEBUG\INTP.OBJ
D:\CNCPROJECT\0519\ICNC\DEBUG\MMI.OBJ
D:\CNCPROJECT\0519\ICNC\DEBUG\STDAFX.OBJ
D:\CNCPROJECT\0519\ICNC\DEBUG\SYS.OBJ
D:\CNCPROJECT\0519\ICNC\DEBUG\VC100.PDB
D:\CNCPROJECT\0520\DEBUG\ICNC.EXE
D:\CNCPROJECT\0520\DEBUG\ICNC.ILK
D:\CNCPROJECT\0520\DEBUG\ICNC.PDB
D:\CNCPROJECT\0520\ICNC\DEBUG\APP.RES
D:\CNCPROJECT\0520\ICNC\DEBUG\ASSEMBLYINFO.OBJ
D:\CNCPROJECT\0520\ICNC\DEBUG\CNC.OBJ
D:\CNCPROJECT\0520\ICNC\DEBUG\DEC_FUNCTION.OBJ
D:\CNCPROJECT\0520\ICNC\DEBUG\DECODER.OBJ
D:\CNCPROJECT\0520\ICNC\DEBUG\FIFO.OBJ
D:\CNCPROJECT\0520\ICNC\DEBUG\ICNC.EXE.INTERMEDIATE.MANIFEST
D:\CNCPROJECT\0520\ICNC\DEBUG\ICNC.OBJ
D:\CNCPROJECT\0520\ICNC\DEBUG\ICNC.PCH
D:\CNCPROJECT\0520\ICNC\DEBUG\INTP.OBJ
D:\CNCPROJECT\0520\ICNC\DEBUG\MMI.OBJ
D:\CNCPROJECT\0520\ICNC\DEBUG\STDAFX.OBJ
D:\CNCPROJECT\0520\ICNC\DEBUG\SYS.OBJ
D:\CNCPROJECT\0520\ICNC\DEBUG\VC100.PDB
D:\CNCPROJECT\0521\DEBUG\ICNC.EXE
D:\CNCPROJECT\0521\DEBUG\ICNC.ILK
D:\CNCPROJECT\0521\DEBUG\ICNC.PDB
D:\CNCPROJECT\0521\ICNC\DEBUG\APP.RES
D:\CNCPROJECT\0521\ICNC\DEBUG\ASSEMBLYINFO.OBJ
D:\CNCPROJECT\0521\ICNC\DEBUG\CNC.OBJ
D:\CNCPROJECT\0521\ICNC\DEBUG\DEC_FUNCTION.OBJ
D:\CNCPROJECT\0521\ICNC\DEBUG\DECODER.OBJ
D:\CNCPROJECT\0521\ICNC\DEBUG\FIFO.OBJ
D:\CNCPROJECT\0521\ICNC\DEBUG\ICNC.EXE.INTERMEDIATE.MANIFEST
D:\CNCPROJECT\0521\ICNC\DEBUG\ICNC.OBJ
D:\CNCPROJECT\0521\ICNC\DEBUG\ICNC.PCH
D:\CNCPROJECT\0521\ICNC\DEBUG\INTP.OBJ
D:\CNCPROJECT\0521\ICNC\DEBUG\MMI.OBJ
D:\CNCPROJECT\0521\ICNC\DEBUG\SLOPE.OBJ
D:\CNCPROJECT\0521\ICNC\DEBUG\STDAFX.OBJ
D:\CNCPROJECT\0521\ICNC\DEBUG\SYS.OBJ
D:\CNCPROJECT\0521\ICNC\DEBUG\TRAFO.OBJ
D:\CNCPROJECT\0521\ICNC\DEBUG\VC100.PDB
D:\CNCPROJECT\0526\DEBUG\ICNC.EXE
D:\CNCPROJECT\0526\DEBUG\ICNC.ILK
D:\CNCPROJECT\0526\DEBUG\ICNC.PDB
D:\CNCPROJECT\0526\ICNC\DEBUG\APP.RES
D:\CNCPROJECT\0526\ICNC\DEBUG\ASSEMBLYINFO.OBJ
D:\CNCPROJECT\0526\ICNC\DEBUG\CNC.OBJ
D:\CNCPROJECT\0526\ICNC\DEBUG\DEC_FUNCTION.OBJ
D:\CNCPROJECT\0526\ICNC\DEBUG\DECODER.OBJ
D:\CNCPROJECT\0526\ICNC\DEBUG\FIFO.OBJ
D:\CNCPROJECT\0526\ICNC\DEBUG\ICNC.EXE.INTERMEDIATE.MANIFEST
D:\CNCPROJECT\0526\ICNC\DEBUG\ICNC.OBJ
D:\CNCPROJECT\0526\ICNC\DEBUG\ICNC.PCH
D:\CNCPROJECT\0526\ICNC\DEBUG\INTP.OBJ
D:\CNCPROJECT\0526\ICNC\DEBUG\MMI.OBJ
D:\CNCPROJECT\0526\ICNC\DEBUG\SLOPE.OBJ
D:\CNCPROJECT\0526\ICNC\DEBUG\STDAFX.OBJ
D:\CNCPROJECT\0526\ICNC\DEBUG\SYS.OBJ
D:\CNCPROJECT\0526\ICNC\DEBUG\TRAFO.OBJ
D:\CNCPROJECT\0526\ICNC\DEBUG\VC100.PDB
D:\CNCPROJECT\0608\DEBUG\ICNC.EXE
D:\CNCPROJECT\0608\DEBUG\ICNC.ILK
D:\CNCPROJECT\0608\DEBUG\ICNC.PDB
D:\CNCPROJECT\0608\ICNC\DEBUG\APP.RES
D:\CNCPROJECT\0608\ICNC\DEBUG\ASSEMBLYINFO.OBJ
D:\CNCPROJECT\0608\ICNC\DEBUG\CNC.OBJ
D:\CNCPROJECT\0608\ICNC\DEBUG\DEC_FUNCTION.OBJ
D:\CNCPROJECT\0608\ICNC\DEBUG\DECODER.OBJ
D:\CNCPROJECT\0608\ICNC\DEBUG\FIFO.OBJ
D:\CNCPROJECT\0608\ICNC\DEBUG\ICNC.EXE.INTERMEDIATE.MANIFEST
D:\CNCPROJECT\0608\ICNC\DEBUG\ICNC.OBJ
D:\CNCPROJECT\0608\ICNC\DEBUG\ICNC.PCH
D:\CNCPROJECT\0608\ICNC\DEBUG\INTP.OBJ
D:\CNCPROJECT\0608\ICNC\DEBUG\MMI.OBJ
D:\CNCPROJECT\0608\ICNC\DEBUG\SLOPE.OBJ
D:\CNCPROJECT\0608\ICNC\DEBUG\STDAFX.OBJ
D:\CNCPROJECT\0608\ICNC\DEBUG\SYS.OBJ
D:\CNCPROJECT\0608\ICNC\DEBUG\TRAFO.OBJ
D:\CNCPROJECT\0608\ICNC\DEBUG\VC100.PDB
D:\CNCPROJECT\0610\DEBUG\ICNC.EXE
D:\CNCPROJECT\0610\DEBUG\ICNC.ILK
D:\CNCPROJECT\0610\DEBUG\ICNC.PDB
D:\CNCPROJECT\0610\ICNC\DEBUG\APP.RES
D:\CNCPROJECT\0610\ICNC\DEBUG\ASSEMBLYINFO.OBJ
D:\CNCPROJECT\0610\ICNC\DEBUG\CNC.OBJ
D:\CNCPROJECT\0610\ICNC\DEBUG\DEC_FUNCTION.OBJ
D:\CNCPROJECT\0610\ICNC\DEBUG\DECODER.OBJ
D:\CNCPROJECT\0610\ICNC\DEBUG\FIFO.OBJ
D:\CNCPROJECT\0610\ICNC\DEBUG\ICNC.EXE.INTERMEDIATE.MANIFEST
D:\CNCPROJECT\0610\ICNC\DEBUG\ICNC.OBJ
D:\CNCPROJECT\0610\ICNC\DEBUG\ICNC.PCH
D:\CNCPROJECT\0610\ICNC\DEBUG\INTP.OBJ
D:\CNCPROJECT\0610\ICNC\DEBUG\MMI.OBJ
D:\CNCPROJECT\0610\ICNC\DEBUG\SLOPE.OBJ
D:\CNCPROJECT\0610\ICNC\DEBUG\STDAFX.OBJ
D:\CNCPROJECT\0610\ICNC\DEBUG\SYS.OBJ
D:\CNCPROJECT\0610\ICNC\DEBUG\TRAFO.OBJ
D:\CNCPROJECT\0610\ICNC\DEBUG\VC100.PDB
D:\CNCPROJECT\0613 - 複製\DEBUG\ICNC.EXE
D:\CNCPROJECT\0613 - 複製\DEBUG\ICNC.ILK
D:\CNCPROJECT\0613 - 複製\DEBUG\ICNC.PDB
D:\CNCPROJECT\0613 - 複製\ICNC\DEBUG\APP.RES
D:\CNCPROJECT\0613 - 複製\ICNC\DEBUG\ASSEMBLYINFO.OBJ
D:\CNCPROJECT\0613 - 複製\ICNC\DEBUG\CNC.OBJ
D:\CNCPROJECT\0613 - 複製\ICNC\DEBUG\DEC_FUNCTION.OBJ
D:\CNCPROJECT\0613 - 複製\ICNC\DEBUG\DECODER.OBJ
D:\CNCPROJECT\0613 - 複製\ICNC\DEBUG\FIFO.OBJ
D:\CNCPROJECT\0613 - 複製\ICNC\DEBUG\ICNC.EXE.INTERMEDIATE.MANIFEST
D:\CNCPROJECT\0613 - 複製\ICNC\DEBUG\ICNC.OBJ
D:\CNCPROJECT\0613 - 複製\ICNC\DEBUG\ICNC.PCH
D:\CNCPROJECT\0613 - 複製\ICNC\DEBUG\INTP.OBJ
D:\CNCPROJECT\0613 - 複製\ICNC\DEBUG\MMI.OBJ
D:\CNCPROJECT\0613 - 複製\ICNC\DEBUG\SLOPE.OBJ
D:\CNCPROJECT\0613 - 複製\ICNC\DEBUG\STDAFX.OBJ
D:\CNCPROJECT\0613 - 複製\ICNC\DEBUG\SYS.OBJ
D:\CNCPROJECT\0613 - 複製\ICNC\DEBUG\TRAFO.OBJ
D:\CNCPROJECT\0613 - 複製\ICNC\DEBUG\VC100.PDB
D:\CNCPROJECT\0613\DEBUG\ICNC.EXE
D:\CNCPROJECT\0613\DEBUG\ICNC.ILK
D:\CNCPROJECT\0613\DEBUG\ICNC.PDB
D:\CNCPROJECT\0613\ICNC\DEBUG\APP.RES
D:\CNCPROJECT\0613\ICNC\DEBUG\ASSEMBLYINFO.OBJ
D:\CNCPROJECT\0613\ICNC\DEBUG\CNC.OBJ
D:\CNCPROJECT\0613\ICNC\DEBUG\DEC_FUNCTION.OBJ
D:\CNCPROJECT\0613\ICNC\DEBUG\DECODER.OBJ
D:\CNCPROJECT\0613\ICNC\DEBUG\FIFO.OBJ
D:\CNCPROJECT\0613\ICNC\DEBUG\ICNC.EXE.INTERMEDIATE.MANIFEST
D:\CNCPROJECT\0613\ICNC\DEBUG\ICNC.OBJ
D:\CNCPROJECT\0613\ICNC\DEBUG\ICNC.PCH
D:\CNCPROJECT\0613\ICNC\DEBUG\INTP.OBJ
D:\CNCPROJECT\0613\ICNC\DEBUG\MMI.OBJ
D:\CNCPROJECT\0613\ICNC\DEBUG\SLOPE.OBJ
D:\CNCPROJECT\0613\ICNC\DEBUG\STDAFX.OBJ
D:\CNCPROJECT\0613\ICNC\DEBUG\SYS.OBJ
D:\CNCPROJECT\0613\ICNC\DEBUG\TRAFO.OBJ
D:\CNCPROJECT\0613\ICNC\DEBUG\VC100.PDB
D:\CNCPROJECT\0616\DEBUG\ICNC.EXE
D:\CNCPROJECT\0616\DEBUG\ICNC.ILK
D:\CNCPROJECT\0616\DEBUG\ICNC.PDB
D:\CNCPROJECT\0616\ICNC\DEBUG\APP.RES
D:\CNCPROJECT\0616\ICNC\DEBUG\ASSEMBLYINFO.OBJ
D:\CNCPROJECT\0616\ICNC\DEBUG\CNC.OBJ
D:\CNCPROJECT\0616\ICNC\DEBUG\DEC_FUNCTION.OBJ
D:\CNCPROJECT\0616\ICNC\DEBUG\DECODER.OBJ
D:\CNCPROJECT\0616\ICNC\DEBUG\FIFO.OBJ
D:\CNCPROJECT\0616\ICNC\DEBUG\ICNC.EXE.INTERMEDIATE.MANIFEST
D:\CNCPROJECT\0616\ICNC\DEBUG\ICNC.OBJ
D:\CNCPROJECT\0616\ICNC\DEBUG\ICNC.PCH
D:\CNCPROJECT\0616\ICNC\DEBUG\INTP.OBJ
D:\CNCPROJECT\0616\ICNC\DEBUG\MMI.OBJ
D:\CNCPROJECT\0616\ICNC\DEBUG\SLOPE.OBJ
D:\CNCPROJECT\0616\ICNC\DEBUG\STDAFX.OBJ
D:\CNCPROJECT\0616\ICNC\DEBUG\SYS.OBJ
D:\CNCPROJECT\0616\ICNC\DEBUG\TRAFO.OBJ
D:\CNCPROJECT\0616\ICNC\DEBUG\VC100.PDB
D:\CNCPROJECT\0619\DEBUG\ICNC.EXE
D:\CNCPROJECT\0619\DEBUG\ICNC.ILK
D:\CNCPROJECT\0619\DEBUG\ICNC.PDB
D:\CNCPROJECT\0619\ICNC\DEBUG\APP.RES
D:\CNCPROJECT\0619\ICNC\DEBUG\ASSEMBLYINFO.OBJ
D:\CNCPROJECT\0619\ICNC\DEBUG\CNC.OBJ
D:\CNCPROJECT\0619\ICNC\DEBUG\DEC_FUNCTION.OBJ
D:\CNCPROJECT\0619\ICNC\DEBUG\DECODER.OBJ
D:\CNCPROJECT\0619\ICNC\DEBUG\FIFO.OBJ
D:\CNCPROJECT\0619\ICNC\DEBUG\ICNC.EXE.INTERMEDIATE.MANIFEST
D:\CNCPROJECT\0619\ICNC\DEBUG\ICNC.OBJ
D:\CNCPROJECT\0619\ICNC\DEBUG\ICNC.PCH
D:\CNCPROJECT\0619\ICNC\DEBUG\INTP.OBJ
D:\CNCPROJECT\0619\ICNC\DEBUG\MMI.OBJ
D:\CNCPROJECT\0619\ICNC\DEBUG\SLOPE.OBJ
D:\CNCPROJECT\0619\ICNC\DEBUG\STDAFX.OBJ
D:\CNCPROJECT\0619\ICNC\DEBUG\SYS.OBJ
D:\CNCPROJECT\0619\ICNC\DEBUG\TRAFO.OBJ
D:\CNCPROJECT\0619\ICNC\DEBUG\VC100.PDB
D:\CNCPROJECT\0621\DEBUG\ICNC.EXE
D:\CNCPROJECT\0621\DEBUG\ICNC.ILK
D:\CNCPROJECT\0621\DEBUG\ICNC.PDB
D:\CNCPROJECT\0621\ICNC\DEBUG\APP.RES
D:\CNCPROJECT\0621\ICNC\DEBUG\ASSEMBLYINFO.OBJ
D:\CNCPROJECT\0621\ICNC\DEBUG\CNC.OBJ
D:\CNCPROJECT\0621\ICNC\DEBUG\DEC_FUNCTION.OBJ
D:\CNCPROJECT\0621\ICNC\DEBUG\DECODER.OBJ
D:\CNCPROJECT\0621\ICNC\DEBUG\FIFO.OBJ
D:\CNCPROJECT\0621\ICNC\DEBUG\ICNC.EXE.INTERMEDIATE.MANIFEST
D:\CNCPROJECT\0621\ICNC\DEBUG\ICNC.OBJ
D:\CNCPROJECT\0621\ICNC\DEBUG\ICNC.PCH
D:\CNCPROJECT\0621\ICNC\DEBUG\INTP.OBJ
D:\CNCPROJECT\0621\ICNC\DEBUG\MMI.OBJ
D:\CNCPROJECT\0621\ICNC\DEBUG\SLOPE.OBJ
D:\CNCPROJECT\0621\ICNC\DEBUG\STDAFX.OBJ
D:\CNCPROJECT\0621\ICNC\DEBUG\SYS.OBJ
D:\CNCPROJECT\0621\ICNC\DEBUG\TRAFO.OBJ
D:\CNCPROJECT\0621\ICNC\DEBUG\VC100.PDB
D:\CNCPROJECT\0622\DEBUG\ICNC.EXE
D:\CNCPROJECT\0622\DEBUG\ICNC.ILK
D:\CNCPROJECT\0622\DEBUG\ICNC.PDB
D:\CNCProject\0622\iCNC\Debug\.NETFramework,Version=v4.0.AssemblyAttributes.obj
D:\CNCPROJECT\0622\ICNC\DEBUG\APP.RES
D:\CNCPROJECT\0622\ICNC\DEBUG\ASSEMBLYINFO.OBJ
D:\CNCProject\0622\iCNC\Debug\cl.command.1.tlog
D:\CNCProject\0622\iCNC\Debug\CL.read.1.tlog
D:\CNCProject\0622\iCNC\Debug\CL.write.1.tlog
D:\CNCPROJECT\0622\ICNC\DEBUG\CNC.OBJ
D:\CNCPROJECT\0622\ICNC\DEBUG\DEC_FUNCTION.OBJ
D:\CNCPROJECT\0622\ICNC\DEBUG\DECODER.OBJ
D:\CNCPROJECT\0622\ICNC\DEBUG\FIFO.OBJ
D:\CNCPROJECT\0622\ICNC\DEBUG\ICNC.EXE.INTERMEDIATE.MANIFEST
D:\CNCProject\0622\iCNC\Debug\iCNC.Form1.resources
D:\CNCPROJECT\0622\ICNC\DEBUG\ICNC.OBJ
D:\CNCPROJECT\0622\ICNC\DEBUG\ICNC.PCH
D:\CNCProject\0622\iCNC\Debug\iCNC.vcxproj.GenerateResource.Cache
D:\CNCProject\0622\iCNC\Debug\iCNC.vcxprojResolveAssemblyReference.cache
D:\CNCProject\0622\iCNC\Debug\iCNC.write.1.tlog
D:\CNCPROJECT\0622\ICNC\DEBUG\INTP.OBJ
D:\CNCProject\0622\iCNC\Debug\link.10012.read.1.tlog
D:\CNCProject\0622\iCNC\Debug\link.10012.write.1.tlog
D:\CNCProject\0622\iCNC\Debug\link.10012-cvtres.read.1.tlog
D:\CNCProject\0622\iCNC\Debug\link.10012-cvtres.write.1.tlog
D:\CNCProject\0622\iCNC\Debug\link.10176.read.1.tlog
D:\CNCProject\0622\iCNC\Debug\link.10176.write.1.tlog
D:\CNCProject\0622\iCNC\Debug\link.10176-cvtres.read.1.tlog
D:\CNCProject\0622\iCNC\Debug\link.10176-cvtres.write.1.tlog
D:\CNCProject\0622\iCNC\Debug\link.10188.read.1.tlog
D:\CNCProject\0622\iCNC\Debug\link.10188.write.1.tlog
D:\CNCProject\0622\iCNC\Debug\link.10188-cvtres.read.1.tlog
D:\CNCProject\0622\iCNC\Debug\link.10188-cvtres.write.1.tlog
D:\CNCProject\0622\iCNC\Debug\link.10224.read.1.tlog
D:\CNCProject\0622\iCNC\Debug\link.10224.write.1.tlog
D:\CNCProject\0622\iCNC\Debug\link.10224-cvtres.read.1.tlog
D:\CNCProject\0622\iCNC\Debug\link.10224-cvtres.write.1.tlog
D:\CNCProject\0622\iCNC\Debug\link.10532.read.1.tlog
D:\CNCProject\0622\iCNC\Debug\link.10532.write.1.tlog
D:\CNCProject\0622\iCNC\Debug\link.10532-cvtres.read.1.tlog
D:\CNCProject\0622\iCNC\Debug\link.10532-cvtres.write.1.tlog
D:\CNCProject\0622\iCNC\Debug\link.10584.read.1.tlog
D:\CNCProject\0622\iCNC\Debug\link.10584.write.1.tlog
D:\CNCProject\0622\iCNC\Debug\link.10584-cvtres.read.1.tlog
D:\CNCProject\0622\iCNC\Debug\link.10584-cvtres.write.1.tlog
D:\CNCProject\0622\iCNC\Debug\link.1060.read.1.tlog
D:\CNCProject\0622\iCNC\Debug\link.1060.write.1.tlog
D:\CNCProject\0622\iCNC\Debug\link.1060-cvtres.read.1.tlog
D:\CNCProject\0622\iCNC\Debug\link.1060-cvtres.write.1.tlog
D:\CNCProject\0622\iCNC\Debug\link.10680.read.1.tlog
D:\CNCProject\0622\iCNC\Debug\link.10680.write.1.tlog
D:\CNCProject\0622\iCNC\Debug\link.10680-cvtres.read.1.tlog
D:\CNCProject\0622\iCNC\Debug\link.10680-cvtres.write.1.tlog
D:\CNCProject\0622\iCNC\Debug\link.10724.read.1.tlog
D:\CNCProject\0622\iCNC\Debug\link.10724.write.1.tlog
D:\CNCProject\0622\iCNC\Debug\link.10724-cvtres.read.1.tlog
D:\CNCProject\0622\iCNC\Debug\link.10724-cvtres.write.1.tlog
D:\CNCProject\0622\iCNC\Debug\link.10740.read.1.tlog
D:\CNCProject\0622\iCNC\Debug\link.10740.write.1.tlog
D:\CNCProject\0622\iCNC\Debug\link.10740-cvtres.read.1.tlog
D:\CNCProject\0622\iCNC\Debug\link.10740-cvtres.write.1.tlog
D:\CNCProject\0622\iCNC\Debug\link.10796.read.1.tlog
D:\CNCProject\0622\iCNC\Debug\link.10796.write.1.tlog
D:\CNCProject\0622\iCNC\Debug\link.10796-cvtres.read.1.tlog
D:\CNCProject\0622\iCNC\Debug\link.10796-cvtres.write.1.tlog
D:\CNCProject\0622\iCNC\Debug\link.10816.read.1.tlog
D:\CNCProject\0622\iCNC\Debug\link.10816.write.1.tlog
D:\CNCProject\0622\iCNC\Debug\link.10816-cvtres.read.1.tlog
D:\CNCProject\0622\iCNC\Debug\link.10816-cvtres.write.1.tlog
D:\CNCProject\0622\iCNC\Debug\link.10960.read.1.tlog
D:\CNCProject\0622\iCNC\Debug\link.10960.write.1.tlog
D:\CNCProject\0622\iCNC\Debug\link.10960-cvtres.read.1.tlog
D:\CNCProject\0622\iCNC\Debug\link.10960-cvtres.write.1.tlog
D:\CNCProject\0622\iCNC\Debug\link.11012.read.1.tlog
D:\CNCProject\0622\iCNC\Debug\link.11012.write.1.tlog
D:\CNCProject\0622\iCNC\Debug\link.11012-cvtres.read.1.tlog
D:\CNCProject\0622\iCNC\Debug\link.11012-cvtres.write.1.tlog
D:\CNCProject\0622\iCNC\Debug\link.1116.read.1.tlog
D:\CNCProject\0622\iCNC\Debug\link.1116.write.1.tlog
D:\CNCProject\0622\iCNC\Debug\link.1116-cvtres.read.1.tlog
D:\CNCProject\0622\iCNC\Debug\link.1116-cvtres.write.1.tlog
D:\CNCProject\0622\iCNC\Debug\link.11508.read.1.tlog
D:\CNCProject\0622\iCNC\Debug\link.11508.write.1.tlog
D:\CNCProject\0622\iCNC\Debug\link.11508-cvtres.read.1.tlog
D:\CNCProject\0622\iCNC\Debug\link.11508-cvtres.write.1.tlog
D:\CNCProject\0622\iCNC\Debug\link.11596.read.1.tlog
D:\CNCProject\0622\iCNC\Debug\link.11596.write.1.tlog
D:\CNCProject\0622\iCNC\Debug\link.11596-cvtres.read.1.tlog
D:\CNCProject\0622\iCNC\Debug\link.11596-cvtres.write.1.tlog
D:\CNCProject\0622\iCNC\Debug\link.11688.read.1.tlog
D:\CNCProject\0622\iCNC\Debug\link.11688.write.1.tlog
D:\CNCProject\0622\iCNC\Debug\link.11688-cvtres.read.1.tlog
D:\CNCProject\0622\iCNC\Debug\link.11688-cvtres.write.1.tlog
D:\CNCProject\0622\iCNC\Debug\link.1184.read.1.tlog
D:\CNCProject\0622\iCNC\Debug\link.1184.write.1.tlog
D:\CNCProject\0622\iCNC\Debug\link.1184-cvtres.read.1.tlog
D:\CNCProject\0622\iCNC\Debug\link.1184-cvtres.write.1.tlog
D:\CNCProject\0622\iCNC\Debug\link.11856.read.1.tlog
D:\CNCProject\0622\iCNC\Debug\link.11856.write.1.tlog
D:\CNCProject\0622\iCNC\Debug\link.11856-cvtres.read.1.tlog
D:\CNCProject\0622\iCNC\Debug\link.11856-cvtres.write.1.tlog
D:\CNCProject\0622\iCNC\Debug\link.11896.read.1.tlog
D:\CNCProject\0622\iCNC\Debug\link.11896.write.1.tlog
D:\CNCProject\0622\iCNC\Debug\link.11896-cvtres.read.1.tlog
D:\CNCProject\0622\iCNC\Debug\link.11896-cvtres.write.1.tlog
D:\CNCProject\0622\iCNC\Debug\link.11912.read.1.tlog
D:\CNCProject\0622\iCNC\Debug\link.11912.write.1.tlog
D:\CNCProject\0622\iCNC\Debug\link.11912-cvtres.read.1.tlog
D:\CNCProject\0622\iCNC\Debug\link.11912-cvtres.write.1.tlog
D:\CNCProject\0622\iCNC\Debug\link.1200.read.1.tlog
D:\CNCProject\0622\iCNC\Debug\link.1200.write.1.tlog
D:\CNCProject\0622\iCNC\Debug\link.1200-cvtres.read.1.tlog
D:\CNCProject\0622\iCNC\Debug\link.1200-cvtres.write.1.tlog
D:\CNCProject\0622\iCNC\Debug\link.12200.read.1.tlog
D:\CNCProject\0622\iCNC\Debug\link.12200.write.1.tlog
D:\CNCProject\0622\iCNC\Debug\link.12200-cvtres.read.1.tlog
D:\CNCProject\0622\iCNC\Debug\link.12200-cvtres.write.1.tlog
D:\CNCProject\0622\iCNC\Debug\link.1288.read.1.tlog
D:\CNCProject\0622\iCNC\Debug\link.1288.write.1.tlog
D:\CNCProject\0622\iCNC\Debug\link.1288-cvtres.read.1.tlog
D:\CNCProject\0622\iCNC\Debug\link.1288-cvtres.write.1.tlog
D:\CNCProject\0622\iCNC\Debug\link.1292.read.1.tlog
D:\CNCProject\0622\iCNC\Debug\link.1292.write.1.tlog
D:\CNCProject\0622\iCNC\Debug\link.1292-cvtres.read.1.tlog
D:\CNCProject\0622\iCNC\Debug\link.1292-cvtres.write.1.tlog
D:\CNCProject\0622\iCNC\Debug\link.1348.read.1.tlog
D:\CNCProject\0622\iCNC\Debug\link.1348.write.1.tlog
D:\CNCProject\0622\iCNC\Debug\link.1348-cvtres.read.1.tlog
D:\CNCProject\0622\iCNC\Debug\link.1348-cvtres.write.1.tlog
D:\CNCProject\0622\iCNC\Debug\link.1368.read.1.tlog
D:\CNCProject\0622\iCNC\Debug\link.1368.write.1.tlog
D:\CNCProject\0622\iCNC\Debug\link.1368-cvtres.read.1.tlog
D:\CNCProject\0622\iCNC\Debug\link.1368-cvtres.write.1.tlog
D:\CNCProject\0622\iCNC\Debug\link.1424.read.1.tlog
D:\CNCProject\0622\iCNC\Debug\link.1424.write.1.tlog
D:\CNCProject\0622\iCNC\Debug\link.1424-cvtres.read.1.tlog
D:\CNCProject\0622\iCNC\Debug\link.1424-cvtres.write.1.tlog
D:\CNCProject\0622\iCNC\Debug\link.1440.read.1.tlog
D:\CNCProject\0622\iCNC\Debug\link.1440.write.1.tlog
D:\CNCProject\0622\iCNC\Debug\link.1440-cvtres.read.1.tlog
D:\CNCProject\0622\iCNC\Debug\link.1440-cvtres.write.1.tlog
D:\CNCProject\0622\iCNC\Debug\link.1488.read.1.tlog
D:\CNCProject\0622\iCNC\Debug\link.1488.write.1.tlog
D:\CNCProject\0622\iCNC\Debug\link.1488-cvtres.read.1.tlog
D:\CNCProject\0622\iCNC\Debug\link.1488-cvtres.write.1.tlog
D:\CNCProject\0622\iCNC\Debug\link.1520.read.1.tlog
D:\CNCProject\0622\iCNC\Debug\link.1520.write.1.tlog
D:\CNCProject\0622\iCNC\Debug\link.1520-cvtres.read.1.tlog
D:\CNCProject\0622\iCNC\Debug\link.1520-cvtres.write.1.tlog
D:\CNCProject\0622\iCNC\Debug\link.1528.read.1.tlog
D:\CNCProject\0622\iCNC\Debug\link.1528.write.1.tlog
D:\CNCProject\0622\iCNC\Debug\link.1528-cvtres.read.1.tlog
D:\CNCProject\0622\iCNC\Debug\link.1528-cvtres.write.1.tlog
D:\CNCProject\0622\iCNC\Debug\link.1560.read.1.tlog
D:\CNCProject\0622\iCNC\Debug\link.1560.write.1.tlog
D:\CNCProject\0622\iCNC\Debug\link.1560-cvtres.read.1.tlog
D:\CNCProject\0622\iCNC\Debug\link.1560-cvtres.write.1.tlog
D:\CNCProject\0622\iCNC\Debug\link.1652.read.1.tlog
D:\CNCProject\0622\iCNC\Debug\link.1652.write.1.tlog
D:\CNCProject\0622\iCNC\Debug\link.1652-cvtres.read.1.tlog
D:\CNCProject\0622\iCNC\Debug\link.1652-cvtres.write.1.tlog
D:\CNCProject\0622\iCNC\Debug\link.1688.read.1.tlog
D:\CNCProject\0622\iCNC\Debug\link.1688.write.1.tlog
D:\CNCProject\0622\iCNC\Debug\link.1688-cvtres.read.1.tlog
D:\CNCProject\0622\iCNC\Debug\link.1688-cvtres.write.1.tlog
D:\CNCProject\0622\iCNC\Debug\link.1780.read.1.tlog
D:\CNCProject\0622\iCNC\Debug\link.1780.write.1.tlog
D:\CNCProject\0622\iCNC\Debug\link.1780-cvtres.read.1.tlog
D:\CNCProject\0622\iCNC\Debug\link.1780-cvtres.write.1.tlog
D:\CNCProject\0622\iCNC\Debug\link.1836.read.1.tlog
D:\CNCProject\0622\iCNC\Debug\link.1836.write.1.tlog
D:\CNCProject\0622\iCNC\Debug\link.1836-cvtres.read.1.tlog
D:\CNCProject\0622\iCNC\Debug\link.1836-cvtres.write.1.tlog
D:\CNCProject\0622\iCNC\Debug\link.1880.read.1.tlog
D:\CNCProject\0622\iCNC\Debug\link.1880.write.1.tlog
D:\CNCProject\0622\iCNC\Debug\link.1880-cvtres.read.1.tlog
D:\CNCProject\0622\iCNC\Debug\link.1880-cvtres.write.1.tlog
D:\CNCProject\0622\iCNC\Debug\link.1948.read.1.tlog
D:\CNCProject\0622\iCNC\Debug\link.1948.write.1.tlog
D:\CNCProject\0622\iCNC\Debug\link.1948-cvtres.read.1.tlog
D:\CNCProject\0622\iCNC\Debug\link.1948-cvtres.write.1.tlog
D:\CNCProject\0622\iCNC\Debug\link.200.read.1.tlog
D:\CNCProject\0622\iCNC\Debug\link.200.write.1.tlog
D:\CNCProject\0622\iCNC\Debug\link.200-cvtres.read.1.tlog
D:\CNCProject\0622\iCNC\Debug\link.200-cvtres.write.1.tlog
D:\CNCProject\0622\iCNC\Debug\link.2072.read.1.tlog
D:\CNCProject\0622\iCNC\Debug\link.2072.write.1.tlog
D:\CNCProject\0622\iCNC\Debug\link.2072-cvtres.read.1.tlog
D:\CNCProject\0622\iCNC\Debug\link.2072-cvtres.write.1.tlog
D:\CNCProject\0622\iCNC\Debug\link.2112.read.1.tlog
D:\CNCProject\0622\iCNC\Debug\link.2112.write.1.tlog
D:\CNCProject\0622\iCNC\Debug\link.2112-cvtres.read.1.tlog
D:\CNCProject\0622\iCNC\Debug\link.2112-cvtres.write.1.tlog
D:\CNCProject\0622\iCNC\Debug\link.2176.read.1.tlog
D:\CNCProject\0622\iCNC\Debug\link.2176.write.1.tlog
D:\CNCProject\0622\iCNC\Debug\link.2176-cvtres.read.1.tlog
D:\CNCProject\0622\iCNC\Debug\link.2176-cvtres.write.1.tlog
D:\CNCProject\0622\iCNC\Debug\link.2180.read.1.tlog
D:\CNCProject\0622\iCNC\Debug\link.2180.write.1.tlog
D:\CNCProject\0622\iCNC\Debug\link.2180-cvtres.read.1.tlog
D:\CNCProject\0622\iCNC\Debug\link.2180-cvtres.write.1.tlog
D:\CNCProject\0622\iCNC\Debug\link.2188.read.1.tlog
D:\CNCProject\0622\iCNC\Debug\link.2188.write.1.tlog
D:\CNCProject\0622\iCNC\Debug\link.2188-cvtres.read.1.tlog
D:\CNCProject\0622\iCNC\Debug\link.2188-cvtres.write.1.tlog
D:\CNCProject\0622\iCNC\Debug\link.2232.read.1.tlog
D:\CNCProject\0622\iCNC\Debug\link.2232.write.1.tlog
D:\CNCProject\0622\iCNC\Debug\link.2232-cvtres.read.1.tlog
D:\CNCProject\0622\iCNC\Debug\link.2232-cvtres.write.1.tlog
D:\CNCProject\0622\iCNC\Debug\link.2260.read.1.tlog
D:\CNCProject\0622\iCNC\Debug\link.2260.write.1.tlog
D:\CNCProject\0622\iCNC\Debug\link.2260-cvtres.read.1.tlog
D:\CNCProject\0622\iCNC\Debug\link.2260-cvtres.write.1.tlog
D:\CNCProject\0622\iCNC\Debug\link.2676.read.1.tlog
D:\CNCProject\0622\iCNC\Debug\link.2676.write.1.tlog
D:\CNCProject\0622\iCNC\Debug\link.2676-cvtres.read.1.tlog
D:\CNCProject\0622\iCNC\Debug\link.2676-cvtres.write.1.tlog
D:\CNCProject\0622\iCNC\Debug\link.2716.read.1.tlog
D:\CNCProject\0622\iCNC\Debug\link.2716.write.1.tlog
D:\CNCProject\0622\iCNC\Debug\link.2716-cvtres.read.1.tlog
D:\CNCProject\0622\iCNC\Debug\link.2716-cvtres.write.1.tlog
D:\CNCProject\0622\iCNC\Debug\link.2820.read.1.tlog
D:\CNCProject\0622\iCNC\Debug\link.2820.write.1.tlog
D:\CNCProject\0622\iCNC\Debug\link.2820-cvtres.read.1.tlog
D:\CNCProject\0622\iCNC\Debug\link.2820-cvtres.write.1.tlog
D:\CNCProject\0622\iCNC\Debug\link.3084.read.1.tlog
D:\CNCProject\0622\iCNC\Debug\link.3084.write.1.tlog
D:\CNCProject\0622\iCNC\Debug\link.3084-cvtres.read.1.tlog
D:\CNCProject\0622\iCNC\Debug\link.3084-cvtres.write.1.tlog
D:\CNCProject\0622\iCNC\Debug\link.3292.read.1.tlog
D:\CNCProject\0622\iCNC\Debug\link.3292.write.1.tlog
D:\CNCProject\0622\iCNC\Debug\link.3292-cvtres.read.1.tlog
D:\CNCProject\0622\iCNC\Debug\link.3292-cvtres.write.1.tlog
D:\CNCProject\0622\iCNC\Debug\link.3328.read.1.tlog
D:\CNCProject\0622\iCNC\Debug\link.3328.write.1.tlog
D:\CNCProject\0622\iCNC\Debug\link.3328-cvtres.read.1.tlog
D:\CNCProject\0622\iCNC\Debug\link.3328-cvtres.write.1.tlog
D:\CNCProject\0622\iCNC\Debug\link.3380.read.1.tlog
D:\CNCProject\0622\iCNC\Debug\link.3380.write.1.tlog
D:\CNCProject\0622\iCNC\Debug\link.3380-cvtres.read.1.tlog
D:\CNCProject\0622\iCNC\Debug\link.3380-cvtres.write.1.tlog
D:\CNCProject\0622\iCNC\Debug\link.3416.read.1.tlog
D:\CNCProject\0622\iCNC\Debug\link.3416.write.1.tlog
D:\CNCProject\0622\iCNC\Debug\link.3416-cvtres.read.1.tlog
D:\CNCProject\0622\iCNC\Debug\link.3416-cvtres.write.1.tlog
D:\CNCProject\0622\iCNC\Debug\link.3428.read.1.tlog
D:\CNCProject\0622\iCNC\Debug\link.3428.write.1.tlog
D:\CNCProject\0622\iCNC\Debug\link.3428-cvtres.read.1.tlog
D:\CNCProject\0622\iCNC\Debug\link.3428-cvtres.write.1.tlog
D:\CNCProject\0622\iCNC\Debug\link.3628.read.1.tlog
D:\CNCProject\0622\iCNC\Debug\link.3628.write.1.tlog
D:\CNCProject\0622\iCNC\Debug\link.3628-cvtres.read.1.tlog
D:\CNCProject\0622\iCNC\Debug\link.3628-cvtres.write.1.tlog
D:\CNCProject\0622\iCNC\Debug\link.3704.read.1.tlog
D:\CNCProject\0622\iCNC\Debug\link.3704.write.1.tlog
D:\CNCProject\0622\iCNC\Debug\link.3704-cvtres.read.1.tlog
D:\CNCProject\0622\iCNC\Debug\link.3704-cvtres.write.1.tlog
D:\CNCProject\0622\iCNC\Debug\link.3708.read.1.tlog
D:\CNCProject\0622\iCNC\Debug\link.3708.write.1.tlog
D:\CNCProject\0622\iCNC\Debug\link.3708-cvtres.read.1.tlog
D:\CNCProject\0622\iCNC\Debug\link.3708-cvtres.write.1.tlog
D:\CNCProject\0622\iCNC\Debug\link.3944.read.1.tlog
D:\CNCProject\0622\iCNC\Debug\link.3944.write.1.tlog
D:\CNCProject\0622\iCNC\Debug\link.3944-cvtres.read.1.tlog
D:\CNCProject\0622\iCNC\Debug\link.3944-cvtres.write.1.tlog
D:\CNCProject\0622\iCNC\Debug\link.3996.read.1.tlog
D:\CNCProject\0622\iCNC\Debug\link.3996.write.1.tlog
D:\CNCProject\0622\iCNC\Debug\link.3996-cvtres.read.1.tlog
D:\CNCProject\0622\iCNC\Debug\link.3996-cvtres.write.1.tlog
D:\CNCProject\0622\iCNC\Debug\link.4208.read.1.tlog
D:\CNCProject\0622\iCNC\Debug\link.4208.write.1.tlog
D:\CNCProject\0622\iCNC\Debug\link.4208-cvtres.read.1.tlog
D:\CNCProject\0622\iCNC\Debug\link.4208-cvtres.write.1.tlog
D:\CNCProject\0622\iCNC\Debug\link.4220.read.1.tlog
D:\CNCProject\0622\iCNC\Debug\link.4220.write.1.tlog
D:\CNCProject\0622\iCNC\Debug\link.4220-cvtres.read.1.tlog
D:\CNCProject\0622\iCNC\Debug\link.4220-cvtres.write.1.tlog
D:\CNCProject\0622\iCNC\Debug\link.4248.read.1.tlog
D:\CNCProject\0622\iCNC\Debug\link.4248.write.1.tlog
D:\CNCProject\0622\iCNC\Debug\link.4248-cvtres.read.1.tlog
D:\CNCProject\0622\iCNC\Debug\link.4248-cvtres.write.1.tlog
D:\CNCProject\0622\iCNC\Debug\link.4364.read.1.tlog
D:\CNCProject\0622\iCNC\Debug\link.4364.write.1.tlog
D:\CNCProject\0622\iCNC\Debug\link.4364-cvtres.read.1.tlog
D:\CNCProject\0622\iCNC\Debug\link.4364-cvtres.write.1.tlog
D:\CNCProject\0622\iCNC\Debug\link.4388.read.1.tlog
D:\CNCProject\0622\iCNC\Debug\link.4388.write.1.tlog
D:\CNCProject\0622\iCNC\Debug\link.4388-cvtres.read.1.tlog
D:\CNCProject\0622\iCNC\Debug\link.4388-cvtres.write.1.tlog
D:\CNCProject\0622\iCNC\Debug\link.4460.read.1.tlog
D:\CNCProject\0622\iCNC\Debug\link.4460.write.1.tlog
D:\CNCProject\0622\iCNC\Debug\link.4460-cvtres.read.1.tlog
D:\CNCProject\0622\iCNC\Debug\link.4460-cvtres.write.1.tlog
D:\CNCProject\0622\iCNC\Debug\link.4476.read.1.tlog
D:\CNCProject\0622\iCNC\Debug\link.4476.write.1.tlog
D:\CNCProject\0622\iCNC\Debug\link.4476-cvtres.read.1.tlog
D:\CNCProject\0622\iCNC\Debug\link.4476-cvtres.write.1.tlog
D:\CNCProject\0622\iCNC\Debug\link.4544.read.1.tlog
D:\CNCProject\0622\iCNC\Debug\link.4544.write.1.tlog
D:\CNCProject\0622\iCNC\Debug\link.4544-cvtres.read.1.tlog
D:\CNCProject\0622\iCNC\Debug\link.4544-cvtres.write.1.tlog
D:\CNCProject\0622\iCNC\Debug\link.4620.read.1.tlog
D:\CNCProject\0622\iCNC\Debug\link.4620.write.1.tlog
D:\CNCProject\0622\iCNC\Debug\link.4620-cvtres.read.1.tlog
D:\CNCProject\0622\iCNC\Debug\link.4620-cvtres.write.1.tlog
D:\CNCProject\0622\iCNC\Debug\link.4676.read.1.tlog
D:\CNCProject\0622\iCNC\Debug\link.4676.write.1.tlog
D:\CNCProject\0622\iCNC\Debug\link.4676-cvtres.read.1.tlog
D:\CNCProject\0622\iCNC\Debug\link.4676-cvtres.write.1.tlog
D:\CNCProject\0622\iCNC\Debug\link.4696.read.1.tlog
D:\CNCProject\0622\iCNC\Debug\link.4696.write.1.tlog
D:\CNCProject\0622\iCNC\Debug\link.4696-cvtres.read.1.tlog
D:\CNCProject\0622\iCNC\Debug\link.4696-cvtres.write.1.tlog
D:\CNCProject\0622\iCNC\Debug\link.4744.read.1.tlog
D:\CNCProject\0622\iCNC\Debug\link.4744.write.1.tlog
D:\CNCProject\0622\iCNC\Debug\link.4744-cvtres.read.1.tlog
D:\CNCProject\0622\iCNC\Debug\link.4744-cvtres.write.1.tlog
D:\CNCProject\0622\iCNC\Debug\link.5044.read.1.tlog
D:\CNCProject\0622\iCNC\Debug\link.5044.write.1.tlog
D:\CNCProject\0622\iCNC\Debug\link.5044-cvtres.read.1.tlog
D:\CNCProject\0622\iCNC\Debug\link.5044-cvtres.write.1.tlog
D:\CNCProject\0622\iCNC\Debug\link.5148.read.1.tlog
D:\CNCProject\0622\iCNC\Debug\link.5148.write.1.tlog
D:\CNCProject\0622\iCNC\Debug\link.5148-cvtres.read.1.tlog
D:\CNCProject\0622\iCNC\Debug\link.5148-cvtres.write.1.tlog
D:\CNCProject\0622\iCNC\Debug\link.5248.read.1.tlog
D:\CNCProject\0622\iCNC\Debug\link.5248.write.1.tlog
D:\CNCProject\0622\iCNC\Debug\link.5248-cvtres.read.1.tlog
D:\CNCProject\0622\iCNC\Debug\link.5248-cvtres.write.1.tlog
D:\CNCProject\0622\iCNC\Debug\link.5316.read.1.tlog
D:\CNCProject\0622\iCNC\Debug\link.5316.write.1.tlog
D:\CNCProject\0622\iCNC\Debug\link.5316-cvtres.read.1.tlog
D:\CNCProject\0622\iCNC\Debug\link.5316-cvtres.write.1.tlog
D:\CNCProject\0622\iCNC\Debug\link.5372.read.1.tlog
D:\CNCProject\0622\iCNC\Debug\link.5372.write.1.tlog
D:\CNCProject\0622\iCNC\Debug\link.5372-cvtres.read.1.tlog
D:\CNCProject\0622\iCNC\Debug\link.5372-cvtres.write.1.tlog
D:\CNCProject\0622\iCNC\Debug\link.5576.read.1.tlog
D:\CNCProject\0622\iCNC\Debug\link.5576.write.1.tlog
D:\CNCProject\0622\iCNC\Debug\link.5576-cvtres.read.1.tlog
D:\CNCProject\0622\iCNC\Debug\link.5576-cvtres.write.1.tlog
D:\CNCProject\0622\iCNC\Debug\link.5596.read.1.tlog
D:\CNCProject\0622\iCNC\Debug\link.5596.write.1.tlog
D:\CNCProject\0622\iCNC\Debug\link.5596-cvtres.read.1.tlog
D:\CNCProject\0622\iCNC\Debug\link.5596-cvtres.write.1.tlog
D:\CNCProject\0622\iCNC\Debug\link.5736.read.1.tlog
D:\CNCProject\0622\iCNC\Debug\link.5736.write.1.tlog
D:\CNCProject\0622\iCNC\Debug\link.5736-cvtres.read.1.tlog
D:\CNCProject\0622\iCNC\Debug\link.5736-cvtres.write.1.tlog
D:\CNCProject\0622\iCNC\Debug\link.5768.read.1.tlog
D:\CNCProject\0622\iCNC\Debug\link.5768.write.1.tlog
D:\CNCProject\0622\iCNC\Debug\link.5768-cvtres.read.1.tlog
D:\CNCProject\0622\iCNC\Debug\link.5768-cvtres.write.1.tlog
D:\CNCProject\0622\iCNC\Debug\link.5888.read.1.tlog
D:\CNCProject\0622\iCNC\Debug\link.5888.write.1.tlog
D:\CNCProject\0622\iCNC\Debug\link.5888-cvtres.read.1.tlog
D:\CNCProject\0622\iCNC\Debug\link.5888-cvtres.write.1.tlog
D:\CNCProject\0622\iCNC\Debug\link.6072.read.1.tlog
D:\CNCProject\0622\iCNC\Debug\link.6072.write.1.tlog
D:\CNCProject\0622\iCNC\Debug\link.6072-cvtres.read.1.tlog
D:\CNCProject\0622\iCNC\Debug\link.6072-cvtres.write.1.tlog
D:\CNCProject\0622\iCNC\Debug\link.6204.read.1.tlog
D:\CNCProject\0622\iCNC\Debug\link.6204.write.1.tlog
D:\CNCProject\0622\iCNC\Debug\link.6204-cvtres.read.1.tlog
D:\CNCProject\0622\iCNC\Debug\link.6204-cvtres.write.1.tlog
D:\CNCProject\0622\iCNC\Debug\link.6304.read.1.tlog
D:\CNCProject\0622\iCNC\Debug\link.6304.write.1.tlog
D:\CNCProject\0622\iCNC\Debug\link.6304-cvtres.read.1.tlog
D:\CNCProject\0622\iCNC\Debug\link.6304-cvtres.write.1.tlog
D:\CNCProject\0622\iCNC\Debug\link.6312.read.1.tlog
D:\CNCProject\0622\iCNC\Debug\link.6312.write.1.tlog
D:\CNCProject\0622\iCNC\Debug\link.6312-cvtres.read.1.tlog
D:\CNCProject\0622\iCNC\Debug\link.6312-cvtres.write.1.tlog
D:\CNCProject\0622\iCNC\Debug\link.6376.read.1.tlog
D:\CNCProject\0622\iCNC\Debug\link.6376.write.1.tlog
D:\CNCProject\0622\iCNC\Debug\link.6376-cvtres.read.1.tlog
D:\CNCProject\0622\iCNC\Debug\link.6376-cvtres.write.1.tlog
D:\CNCProject\0622\iCNC\Debug\link.6488.read.1.tlog
D:\CNCProject\0622\iCNC\Debug\link.6488.write.1.tlog
D:\CNCProject\0622\iCNC\Debug\link.6488-cvtres.read.1.tlog
D:\CNCProject\0622\iCNC\Debug\link.6488-cvtres.write.1.tlog
D:\CNCProject\0622\iCNC\Debug\link.6648.read.1.tlog
D:\CNCProject\0622\iCNC\Debug\link.6648.write.1.tlog
D:\CNCProject\0622\iCNC\Debug\link.6648-cvtres.read.1.tlog
D:\CNCProject\0622\iCNC\Debug\link.6648-cvtres.write.1.tlog
D:\CNCProject\0622\iCNC\Debug\link.6656.read.1.tlog
D:\CNCProject\0622\iCNC\Debug\link.6656.write.1.tlog
D:\CNCProject\0622\iCNC\Debug\link.6656-cvtres.read.1.tlog
D:\CNCProject\0622\iCNC\Debug\link.6656-cvtres.write.1.tlog
D:\CNCProject\0622\iCNC\Debug\link.6660.read.1.tlog
D:\CNCProject\0622\iCNC\Debug\link.6660.write.1.tlog
D:\CNCProject\0622\iCNC\Debug\link.6660-cvtres.read.1.tlog
D:\CNCProject\0622\iCNC\Debug\link.6660-cvtres.write.1.tlog
D:\CNCProject\0622\iCNC\Debug\link.6748.read.1.tlog
D:\CNCProject\0622\iCNC\Debug\link.6748.write.1.tlog
D:\CNCProject\0622\iCNC\Debug\link.6748-cvtres.read.1.tlog
D:\CNCProject\0622\iCNC\Debug\link.6748-cvtres.write.1.tlog
D:\CNCProject\0622\iCNC\Debug\link.6872.read.1.tlog
D:\CNCProject\0622\iCNC\Debug\link.6872.write.1.tlog
D:\CNCProject\0622\iCNC\Debug\link.6872-cvtres.read.1.tlog
D:\CNCProject\0622\iCNC\Debug\link.6872-cvtres.write.1.tlog
D:\CNCProject\0622\iCNC\Debug\link.6964.read.1.tlog
D:\CNCProject\0622\iCNC\Debug\link.6964.write.1.tlog
D:\CNCProject\0622\iCNC\Debug\link.6964-cvtres.read.1.tlog
D:\CNCProject\0622\iCNC\Debug\link.6964-cvtres.write.1.tlog
D:\CNCProject\0622\iCNC\Debug\link.6968.read.1.tlog
D:\CNCProject\0622\iCNC\Debug\link.6968.write.1.tlog
D:\CNCProject\0622\iCNC\Debug\link.6968-cvtres.read.1.tlog
D:\CNCProject\0622\iCNC\Debug\link.6968-cvtres.write.1.tlog
D:\CNCProject\0622\iCNC\Debug\link.7104.read.1.tlog
D:\CNCProject\0622\iCNC\Debug\link.7104.write.1.tlog
D:\CNCProject\0622\iCNC\Debug\link.7104-cvtres.read.1.tlog
D:\CNCProject\0622\iCNC\Debug\link.7104-cvtres.write.1.tlog
D:\CNCProject\0622\iCNC\Debug\link.7140.read.1.tlog
D:\CNCProject\0622\iCNC\Debug\link.7140.write.1.tlog
D:\CNCProject\0622\iCNC\Debug\link.7140-cvtres.read.1.tlog
D:\CNCProject\0622\iCNC\Debug\link.7140-cvtres.write.1.tlog
D:\CNCProject\0622\iCNC\Debug\link.7176.read.1.tlog
D:\CNCProject\0622\iCNC\Debug\link.7176.write.1.tlog
D:\CNCProject\0622\iCNC\Debug\link.7176-cvtres.read.1.tlog
D:\CNCProject\0622\iCNC\Debug\link.7176-cvtres.write.1.tlog
D:\CNCProject\0622\iCNC\Debug\link.7180.read.1.tlog
D:\CNCProject\0622\iCNC\Debug\link.7180.write.1.tlog
D:\CNCProject\0622\iCNC\Debug\link.7180-cvtres.read.1.tlog
D:\CNCProject\0622\iCNC\Debug\link.7180-cvtres.write.1.tlog
D:\CNCProject\0622\iCNC\Debug\link.7276.read.1.tlog
D:\CNCProject\0622\iCNC\Debug\link.7276.write.1.tlog
D:\CNCProject\0622\iCNC\Debug\link.7276-cvtres.read.1.tlog
D:\CNCProject\0622\iCNC\Debug\link.7276-cvtres.write.1.tlog
D:\CNCProject\0622\iCNC\Debug\link.7308.read.1.tlog
D:\CNCProject\0622\iCNC\Debug\link.7308.write.1.tlog
D:\CNCProject\0622\iCNC\Debug\link.7308-cvtres.read.1.tlog
D:\CNCProject\0622\iCNC\Debug\link.7308-cvtres.write.1.tlog
D:\CNCProject\0622\iCNC\Debug\link.7332.read.1.tlog
D:\CNCProject\0622\iCNC\Debug\link.7332.write.1.tlog
D:\CNCProject\0622\iCNC\Debug\link.7332-cvtres.read.1.tlog
D:\CNCProject\0622\iCNC\Debug\link.7332-cvtres.write.1.tlog
D:\CNCProject\0622\iCNC\Debug\link.736.read.1.tlog
D:\CNCProject\0622\iCNC\Debug\link.736.write.1.tlog
D:\CNCProject\0622\iCNC\Debug\link.7360.read.1.tlog
D:\CNCProject\0622\iCNC\Debug\link.7360.write.1.tlog
D:\CNCProject\0622\iCNC\Debug\link.7360-cvtres.read.1.tlog
D:\CNCProject\0622\iCNC\Debug\link.7360-cvtres.write.1.tlog
D:\CNCProject\0622\iCNC\Debug\link.736-cvtres.read.1.tlog
D:\CNCProject\0622\iCNC\Debug\link.736-cvtres.write.1.tlog
D:\CNCProject\0622\iCNC\Debug\link.7404.read.1.tlog
D:\CNCProject\0622\iCNC\Debug\link.7404.write.1.tlog
D:\CNCProject\0622\iCNC\Debug\link.7404-cvtres.read.1.tlog
D:\CNCProject\0622\iCNC\Debug\link.7404-cvtres.write.1.tlog
D:\CNCProject\0622\iCNC\Debug\link.7444.read.1.tlog
D:\CNCProject\0622\iCNC\Debug\link.7444.write.1.tlog
D:\CNCProject\0622\iCNC\Debug\link.7444-cvtres.read.1.tlog
D:\CNCProject\0622\iCNC\Debug\link.7444-cvtres.write.1.tlog
D:\CNCProject\0622\iCNC\Debug\link.7472.read.1.tlog
D:\CNCProject\0622\iCNC\Debug\link.7472.write.1.tlog
D:\CNCProject\0622\iCNC\Debug\link.7472-cvtres.read.1.tlog
D:\CNCProject\0622\iCNC\Debug\link.7472-cvtres.write.1.tlog
D:\CNCProject\0622\iCNC\Debug\link.7480.read.1.tlog
D:\CNCProject\0622\iCNC\Debug\link.7480.write.1.tlog
D:\CNCProject\0622\iCNC\Debug\link.7480-cvtres.read.1.tlog
D:\CNCProject\0622\iCNC\Debug\link.7480-cvtres.write.1.tlog
D:\CNCProject\0622\iCNC\Debug\link.7488.read.1.tlog
D:\CNCProject\0622\iCNC\Debug\link.7488.write.1.tlog
D:\CNCProject\0622\iCNC\Debug\link.7488-cvtres.read.1.tlog
D:\CNCProject\0622\iCNC\Debug\link.7488-cvtres.write.1.tlog
D:\CNCProject\0622\iCNC\Debug\link.7556.read.1.tlog
D:\CNCProject\0622\iCNC\Debug\link.7556.write.1.tlog
D:\CNCProject\0622\iCNC\Debug\link.7556-cvtres.read.1.tlog
D:\CNCProject\0622\iCNC\Debug\link.7556-cvtres.write.1.tlog
D:\CNCProject\0622\iCNC\Debug\link.7568.read.1.tlog
D:\CNCProject\0622\iCNC\Debug\link.7568.write.1.tlog
D:\CNCProject\0622\iCNC\Debug\link.7568-cvtres.read.1.tlog
D:\CNCProject\0622\iCNC\Debug\link.7568-cvtres.write.1.tlog
D:\CNCProject\0622\iCNC\Debug\link.7740.read.1.tlog
D:\CNCProject\0622\iCNC\Debug\link.7740.write.1.tlog
D:\CNCProject\0622\iCNC\Debug\link.7740-cvtres.read.1.tlog
D:\CNCProject\0622\iCNC\Debug\link.7740-cvtres.write.1.tlog
D:\CNCProject\0622\iCNC\Debug\link.7880.read.1.tlog
D:\CNCProject\0622\iCNC\Debug\link.7880.write.1.tlog
D:\CNCProject\0622\iCNC\Debug\link.7880-cvtres.read.1.tlog
D:\CNCProject\0622\iCNC\Debug\link.7880-cvtres.write.1.tlog
D:\CNCProject\0622\iCNC\Debug\link.7960.read.1.tlog
D:\CNCProject\0622\iCNC\Debug\link.7960.write.1.tlog
D:\CNCProject\0622\iCNC\Debug\link.7960-cvtres.read.1.tlog
D:\CNCProject\0622\iCNC\Debug\link.7960-cvtres.write.1.tlog
D:\CNCProject\0622\iCNC\Debug\link.7984.read.1.tlog
D:\CNCProject\0622\iCNC\Debug\link.7984.write.1.tlog
D:\CNCProject\0622\iCNC\Debug\link.7984-cvtres.read.1.tlog
D:\CNCProject\0622\iCNC\Debug\link.7984-cvtres.write.1.tlog
D:\CNCProject\0622\iCNC\Debug\link.8104.read.1.tlog
D:\CNCProject\0622\iCNC\Debug\link.8104.write.1.tlog
D:\CNCProject\0622\iCNC\Debug\link.8104-cvtres.read.1.tlog
D:\CNCProject\0622\iCNC\Debug\link.8104-cvtres.write.1.tlog
D:\CNCProject\0622\iCNC\Debug\link.8268.read.1.tlog
D:\CNCProject\0622\iCNC\Debug\link.8268.write.1.tlog
D:\CNCProject\0622\iCNC\Debug\link.8268-cvtres.read.1.tlog
D:\CNCProject\0622\iCNC\Debug\link.8268-cvtres.write.1.tlog
D:\CNCProject\0622\iCNC\Debug\link.8316.read.1.tlog
D:\CNCProject\0622\iCNC\Debug\link.8316.write.1.tlog
D:\CNCProject\0622\iCNC\Debug\link.8316-cvtres.read.1.tlog
D:\CNCProject\0622\iCNC\Debug\link.8316-cvtres.write.1.tlog
D:\CNCProject\0622\iCNC\Debug\link.8352.read.1.tlog
D:\CNCProject\0622\iCNC\Debug\link.8352.write.1.tlog
D:\CNCProject\0622\iCNC\Debug\link.8352-cvtres.read.1.tlog
D:\CNCProject\0622\iCNC\Debug\link.8352-cvtres.write.1.tlog
D:\CNCProject\0622\iCNC\Debug\link.8396.read.1.tlog
D:\CNCProject\0622\iCNC\Debug\link.8396.write.1.tlog
D:\CNCProject\0622\iCNC\Debug\link.8396-cvtres.read.1.tlog
D:\CNCProject\0622\iCNC\Debug\link.8396-cvtres.write.1.tlog
D:\CNCProject\0622\iCNC\Debug\link.8428.read.1.tlog
D:\CNCProject\0622\iCNC\Debug\link.8428.write.1.tlog
D:\CNCProject\0622\iCNC\Debug\link.8428-cvtres.read.1.tlog
D:\CNCProject\0622\iCNC\Debug\link.8428-cvtres.write.1.tlog
D:\CNCProject\0622\iCNC\Debug\link.8452.read.1.tlog
D:\CNCProject\0622\iCNC\Debug\link.8452.write.1.tlog
D:\CNCProject\0622\iCNC\Debug\link.8452-cvtres.read.1.tlog
D:\CNCProject\0622\iCNC\Debug\link.8452-cvtres.write.1.tlog
D:\CNCProject\0622\iCNC\Debug\link.8532.read.1.tlog
D:\CNCProject\0622\iCNC\Debug\link.8532.write.1.tlog
D:\CNCProject\0622\iCNC\Debug\link.8532-cvtres.read.1.tlog
D:\CNCProject\0622\iCNC\Debug\link.8532-cvtres.write.1.tlog
D:\CNCProject\0622\iCNC\Debug\link.8544.read.1.tlog
D:\CNCProject\0622\iCNC\Debug\link.8544.write.1.tlog
D:\CNCProject\0622\iCNC\Debug\link.8544-cvtres.read.1.tlog
D:\CNCProject\0622\iCNC\Debug\link.8544-cvtres.write.1.tlog
D:\CNCProject\0622\iCNC\Debug\link.8596.read.1.tlog
D:\CNCProject\0622\iCNC\Debug\link.8596.write.1.tlog
D:\CNCProject\0622\iCNC\Debug\link.8596-cvtres.read.1.tlog
D:\CNCProject\0622\iCNC\Debug\link.8596-cvtres.write.1.tlog
D:\CNCProject\0622\iCNC\Debug\link.8600.read.1.tlog
D:\CNCProject\0622\iCNC\Debug\link.8600.write.1.tlog
D:\CNCProject\0622\iCNC\Debug\link.8600-cvtres.read.1.tlog
D:\CNCProject\0622\iCNC\Debug\link.8600-cvtres.write.1.tlog
D:\CNCProject\0622\iCNC\Debug\link.8676.read.1.tlog
D:\CNCProject\0622\iCNC\Debug\link.8676.write.1.tlog
D:\CNCProject\0622\iCNC\Debug\link.8676-cvtres.read.1.tlog
D:\CNCProject\0622\iCNC\Debug\link.8676-cvtres.write.1.tlog
D:\CNCProject\0622\iCNC\Debug\link.872.read.1.tlog
D:\CNCProject\0622\iCNC\Debug\link.872.write.1.tlog
D:\CNCProject\0622\iCNC\Debug\link.8728.read.1.tlog
D:\CNCProject\0622\iCNC\Debug\link.8728.write.1.tlog
D:\CNCProject\0622\iCNC\Debug\link.8728-cvtres.read.1.tlog
D:\CNCProject\0622\iCNC\Debug\link.8728-cvtres.write.1.tlog
D:\CNCProject\0622\iCNC\Debug\link.872-cvtres.read.1.tlog
D:\CNCProject\0622\iCNC\Debug\link.872-cvtres.write.1.tlog
D:\CNCProject\0622\iCNC\Debug\link.8732.read.1.tlog
D:\CNCProject\0622\iCNC\Debug\link.8732.write.1.tlog
D:\CNCProject\0622\iCNC\Debug\link.8732-cvtres.read.1.tlog
D:\CNCProject\0622\iCNC\Debug\link.8732-cvtres.write.1.tlog
D:\CNCProject\0622\iCNC\Debug\link.8748.read.1.tlog
D:\CNCProject\0622\iCNC\Debug\link.8748.write.1.tlog
D:\CNCProject\0622\iCNC\Debug\link.8748-cvtres.read.1.tlog
D:\CNCProject\0622\iCNC\Debug\link.8748-cvtres.write.1.tlog
D:\CNCProject\0622\iCNC\Debug\link.8832.read.1.tlog
D:\CNCProject\0622\iCNC\Debug\link.8832.write.1.tlog
D:\CNCProject\0622\iCNC\Debug\link.8832-cvtres.read.1.tlog
D:\CNCProject\0622\iCNC\Debug\link.8832-cvtres.write.1.tlog
D:\CNCProject\0622\iCNC\Debug\link.8840.read.1.tlog
D:\CNCProject\0622\iCNC\Debug\link.8840.write.1.tlog
D:\CNCProject\0622\iCNC\Debug\link.8840-cvtres.read.1.tlog
D:\CNCProject\0622\iCNC\Debug\link.8840-cvtres.write.1.tlog
D:\CNCProject\0622\iCNC\Debug\link.8848.read.1.tlog
D:\CNCProject\0622\iCNC\Debug\link.8848.write.1.tlog
D:\CNCProject\0622\iCNC\Debug\link.8848-cvtres.read.1.tlog
D:\CNCProject\0622\iCNC\Debug\link.8848-cvtres.write.1.tlog
D:\CNCProject\0622\iCNC\Debug\link.8864.read.1.tlog
D:\CNCProject\0622\iCNC\Debug\link.8864.write.1.tlog
D:\CNCProject\0622\iCNC\Debug\link.8864-cvtres.read.1.tlog
D:\CNCProject\0622\iCNC\Debug\link.8864-cvtres.write.1.tlog
D:\CNCProject\0622\iCNC\Debug\link.8904.read.1.tlog
D:\CNCProject\0622\iCNC\Debug\link.8904.write.1.tlog
D:\CNCProject\0622\iCNC\Debug\link.8904-cvtres.read.1.tlog
D:\CNCProject\0622\iCNC\Debug\link.8904-cvtres.write.1.tlog
D:\CNCProject\0622\iCNC\Debug\link.8964.read.1.tlog
D:\CNCProject\0622\iCNC\Debug\link.8964.write.1.tlog
D:\CNCProject\0622\iCNC\Debug\link.8964-cvtres.read.1.tlog
D:\CNCProject\0622\iCNC\Debug\link.8964-cvtres.write.1.tlog
D:\CNCProject\0622\iCNC\Debug\link.9068.read.1.tlog
D:\CNCProject\0622\iCNC\Debug\link.9068.write.1.tlog
D:\CNCProject\0622\iCNC\Debug\link.9068-cvtres.read.1.tlog
D:\CNCProject\0622\iCNC\Debug\link.9068-cvtres.write.1.tlog
D:\CNCProject\0622\iCNC\Debug\link.9108.read.1.tlog
D:\CNCProject\0622\iCNC\Debug\link.9108.write.1.tlog
D:\CNCProject\0622\iCNC\Debug\link.9108-cvtres.read.1.tlog
D:\CNCProject\0622\iCNC\Debug\link.9108-cvtres.write.1.tlog
D:\CNCProject\0622\iCNC\Debug\link.9140.read.1.tlog
D:\CNCProject\0622\iCNC\Debug\link.9140.write.1.tlog
D:\CNCProject\0622\iCNC\Debug\link.9140-cvtres.read.1.tlog
D:\CNCProject\0622\iCNC\Debug\link.9140-cvtres.write.1.tlog
D:\CNCProject\0622\iCNC\Debug\link.9184.read.1.tlog
D:\CNCProject\0622\iCNC\Debug\link.9184.write.1.tlog
D:\CNCProject\0622\iCNC\Debug\link.9184-cvtres.read.1.tlog
D:\CNCProject\0622\iCNC\Debug\link.9184-cvtres.write.1.tlog
D:\CNCProject\0622\iCNC\Debug\link.9192.read.1.tlog
D:\CNCProject\0622\iCNC\Debug\link.9192.write.1.tlog
D:\CNCProject\0622\iCNC\Debug\link.9192-cvtres.read.1.tlog
D:\CNCProject\0622\iCNC\Debug\link.9192-cvtres.write.1.tlog
D:\CNCProject\0622\iCNC\Debug\link.9204.read.1.tlog
D:\CNCProject\0622\iCNC\Debug\link.9204.write.1.tlog
D:\CNCProject\0622\iCNC\Debug\link.9204-cvtres.read.1.tlog
D:\CNCProject\0622\iCNC\Debug\link.9204-cvtres.write.1.tlog
D:\CNCProject\0622\iCNC\Debug\link.9212.read.1.tlog
D:\CNCProject\0622\iCNC\Debug\link.9212.write.1.tlog
D:\CNCProject\0622\iCNC\Debug\link.9212-cvtres.read.1.tlog
D:\CNCProject\0622\iCNC\Debug\link.9212-cvtres.write.1.tlog
D:\CNCProject\0622\iCNC\Debug\link.9456.read.1.tlog
D:\CNCProject\0622\iCNC\Debug\link.9456.write.1.tlog
D:\CNCProject\0622\iCNC\Debug\link.9456-cvtres.read.1.tlog
D:\CNCProject\0622\iCNC\Debug\link.9456-cvtres.write.1.tlog
D:\CNCProject\0622\iCNC\Debug\link.9620.read.1.tlog
D:\CNCProject\0622\iCNC\Debug\link.9620.write.1.tlog
D:\CNCProject\0622\iCNC\Debug\link.9620-cvtres.read.1.tlog
D:\CNCProject\0622\iCNC\Debug\link.9620-cvtres.write.1.tlog
D:\CNCProject\0622\iCNC\Debug\link.988.read.1.tlog
D:\CNCProject\0622\iCNC\Debug\link.988.write.1.tlog
D:\CNCProject\0622\iCNC\Debug\link.9888.read.1.tlog
D:\CNCProject\0622\iCNC\Debug\link.9888.write.1.tlog
D:\CNCProject\0622\iCNC\Debug\link.9888-cvtres.read.1.tlog
D:\CNCProject\0622\iCNC\Debug\link.9888-cvtres.write.1.tlog
D:\CNCProject\0622\iCNC\Debug\link.988-cvtres.read.1.tlog
D:\CNCProject\0622\iCNC\Debug\link.988-cvtres.write.1.tlog
D:\CNCProject\0622\iCNC\Debug\link.9896.read.1.tlog
D:\CNCProject\0622\iCNC\Debug\link.9896.write.1.tlog
D:\CNCProject\0622\iCNC\Debug\link.9896-cvtres.read.1.tlog
D:\CNCProject\0622\iCNC\Debug\link.9896-cvtres.write.1.tlog
D:\CNCProject\0622\iCNC\Debug\link.9916.read.1.tlog
D:\CNCProject\0622\iCNC\Debug\link.9916.write.1.tlog
D:\CNCProject\0622\iCNC\Debug\link.9916-cvtres.read.1.tlog
D:\CNCProject\0622\iCNC\Debug\link.9916-cvtres.write.1.tlog
D:\CNCProject\0622\iCNC\Debug\link.9984.read.1.tlog
D:\CNCProject\0622\iCNC\Debug\link.9984.write.1.tlog
D:\CNCProject\0622\iCNC\Debug\link.9984-cvtres.read.1.tlog
D:\CNCProject\0622\iCNC\Debug\link.9984-cvtres.write.1.tlog
D:\CNCProject\0622\iCNC\Debug\link.command.1.tlog
D:\CNCProject\0622\iCNC\Debug\link.read.1.tlog
D:\CNCProject\0622\iCNC\Debug\link.write.1.tlog
D:\CNCPROJECT\0622\ICNC\DEBUG\MMI.OBJ
D:\CNCProject\0622\iCNC\Debug\mt.command.1.tlog
D:\CNCProject\0622\iCNC\Debug\mt.read.1.tlog
D:\CNCProject\0622\iCNC\Debug\mt.write.1.tlog
D:\CNCProject\0622\iCNC\Debug\rc.command.1.tlog
D:\CNCProject\0622\iCNC\Debug\rc.read.1.tlog
D:\CNCProject\0622\iCNC\Debug\rc.write.1.tlog
D:\CNCPROJECT\0622\ICNC\DEBUG\SLOPE.OBJ
D:\CNCPROJECT\0622\ICNC\DEBUG\STDAFX.OBJ
D:\CNCPROJECT\0622\ICNC\DEBUG\SYS.OBJ
D:\CNCPROJECT\0622\ICNC\DEBUG\TRAFO.OBJ
D:\CNCPROJECT\0622\ICNC\DEBUG\VC100.PDB
D:\SIMPLE CODE PROJECTS\429QUIZ\ICNC\DEBUG\ICNC.EXE
D:\SIMPLE CODE PROJECTS\429QUIZ\ICNC\DEBUG\ICNC.ILK
D:\SIMPLE CODE PROJECTS\429QUIZ\ICNC\DEBUG\ICNC.PDB
D:\SIMPLE CODE PROJECTS\429QUIZ\ICNC\ICNC\DEBUG\APP.RES
D:\SIMPLE CODE PROJECTS\429QUIZ\ICNC\ICNC\DEBUG\ASSEMBLYINFO.OBJ
D:\SIMPLE CODE PROJECTS\429QUIZ\ICNC\ICNC\DEBUG\CNC.OBJ
D:\SIMPLE CODE PROJECTS\429QUIZ\ICNC\ICNC\DEBUG\DEC_FUNCTION.OBJ
D:\SIMPLE CODE PROJECTS\429QUIZ\ICNC\ICNC\DEBUG\DECODER.OBJ
D:\SIMPLE CODE PROJECTS\429QUIZ\ICNC\ICNC\DEBUG\FIFO.OBJ
D:\SIMPLE CODE PROJECTS\429QUIZ\ICNC\ICNC\DEBUG\ICNC.EXE.INTERMEDIATE.MANIFEST
D:\SIMPLE CODE PROJECTS\429QUIZ\ICNC\ICNC\DEBUG\ICNC.OBJ
D:\SIMPLE CODE PROJECTS\429QUIZ\ICNC\ICNC\DEBUG\ICNC.PCH
D:\SIMPLE CODE PROJECTS\429QUIZ\ICNC\ICNC\DEBUG\INTP.OBJ
D:\SIMPLE CODE PROJECTS\429QUIZ\ICNC\ICNC\DEBUG\MMI.OBJ
D:\SIMPLE CODE PROJECTS\429QUIZ\ICNC\ICNC\DEBUG\STDAFX.OBJ
D:\SIMPLE CODE PROJECTS\429QUIZ\ICNC\ICNC\DEBUG\SYS.OBJ
D:\SIMPLE CODE PROJECTS\429QUIZ\ICNC\ICNC\DEBUG\VC100.PDB
